Copyright 1986-2021 Xilinx, Inc. All Rights Reserved.
--------------------------------------------------------------------------------------
| Tool Version : Vivado v.2021.1 (win64) Build 3247384 Thu Jun 10 19:36:33 MDT 2021
| Date         : Tue Oct  4 01:17:25 2022
| Host         : LAPTOP-F415E9JE running 64-bit major release  (build 9200)
| Command      : report_control_sets -verbose -file vc709_top_control_sets_placed.rpt
| Design       : vc709_top
| Device       : xc7vx690t
--------------------------------------------------------------------------------------

Control Set Information

Table of Contents
-----------------
1. Summary
2. Histogram
3. Flip-Flop Distribution
4. Detailed Control Set Information

1. Summary
----------

+----------------------------------------------------------+-------+
|                          Status                          | Count |
+----------------------------------------------------------+-------+
| Total control sets                                       |    87 |
|    Minimum number of control sets                        |    87 |
|    Addition due to synthesis replication                 |     0 |
|    Addition due to physical synthesis replication        |     0 |
| Unused register locations in slices containing registers |   202 |
+----------------------------------------------------------+-------+
* Control sets can be merged at opt_design using control_set_merge or merge_equivalent_drivers
** Run report_qor_suggestions for automated merging and remapping suggestions


2. Histogram
------------

+--------------------+-------+
|       Fanout       | Count |
+--------------------+-------+
| Total control sets |    87 |
| >= 0 to < 4        |     0 |
| >= 4 to < 6        |    37 |
| >= 6 to < 8        |    36 |
| >= 8 to < 10       |     1 |
| >= 10 to < 12      |     0 |
| >= 12 to < 14      |     0 |
| >= 14 to < 16      |     0 |
| >= 16              |    13 |
+--------------------+-------+
* Control sets can be remapped at either synth_design or opt_design


3. Flip-Flop Distribution
-------------------------

+--------------+-----------------------+------------------------+-----------------+--------------+
| Clock Enable | Synchronous Set/Reset | Asynchronous Set/Reset | Total Registers | Total Slices |
+--------------+-----------------------+------------------------+-----------------+--------------+
| No           | No                    | No                     |              53 |           24 |
| No           | No                    | Yes                    |              51 |           22 |
| No           | Yes                   | No                     |              10 |            6 |
| Yes          | No                    | No                     |             351 |          129 |
| Yes          | No                    | Yes                    |             642 |          183 |
| Yes          | Yes                   | No                     |             555 |          159 |
+--------------+-----------------------+------------------------+-----------------+--------------+


4. Detailed Control Set Information
-----------------------------------

+----------------------+---------------------------------------------------------------------------------------------------------------------------+---------------------------------------------------------------------------------------------------------------------------+------------------+----------------+--------------+
|     Clock Signal     |                                                       Enable Signal                                                       |                                                      Set/Reset Signal                                                     | Slice Load Count | Bel Load Count | Bels / Slice |
+----------------------+---------------------------------------------------------------------------------------------------------------------------+---------------------------------------------------------------------------------------------------------------------------+------------------+----------------+--------------+
|  u_pll/inst/clk_out1 | u_lane_original/xapp1017_serdes_1280.serdes_cmp/loop3[0].dc_inst/s_state[3]_i_1_n_0                                       | gpio_switch_IBUF[7]                                                                                                       |                1 |              4 |         4.00 |
|  u_pll/inst/clk_out1 | u_lane_original/gearbox32to66_cmp/u_aligner/seekerL/seekerR/seekerR/seekerR/seekerR/hdr_cnt                               | u_lane_original/gearbox32to66_cmp/u_aligner/seekerL/seekerL/seekerL/seekerL/seekerR/seekerL/seeker_pos_idx_c_reg[0]_68[0] |                1 |              5 |         5.00 |
|  u_pll/inst/clk_out1 | u_lane_original/gearbox32to66_cmp/u_aligner/seekerR/seekerL/seekerR/seekerR/seekerR/hdr_cnt                               | u_lane_original/gearbox32to66_cmp/u_aligner/seekerL/seekerL/seekerL/seekerL/seekerR/seekerL/seeker_pos_idx_c_reg[0]_20[0] |                1 |              5 |         5.00 |
|  u_pll/inst/clk_out1 | u_lane_original/gearbox32to66_cmp/u_aligner/seekerR/seekerL/seekerR/seekerR/seekerL/hdr_cnt                               | u_lane_original/gearbox32to66_cmp/u_aligner/seekerL/seekerL/seekerL/seekerL/seekerR/seekerL/seeker_pos_idx_c_reg[0]_17[0] |                1 |              5 |         5.00 |
|  u_pll/inst/clk_out1 | u_lane_original/gearbox32to66_cmp/u_aligner/seekerL/seekerL/seekerL/seekerL/seekerR/seekerL/sel                           | u_lane_original/gearbox32to66_cmp/u_aligner/seekerL/seekerL/seekerL/seekerL/seekerR/seekerL/clear                         |                1 |              5 |         5.00 |
|  u_pll/inst/clk_out1 | u_lane_original/gearbox32to66_cmp/u_aligner/seekerL/seekerL/seekerL/seekerL/seekerR/seekerR/hdr_cnt[4]_i_2__1_n_0         | u_lane_original/gearbox32to66_cmp/u_aligner/seekerL/seekerL/seekerL/seekerL/seekerR/seekerL/seeker_pos_idx_c_reg[0]_89[0] |                1 |              5 |         5.00 |
|  u_pll/inst/clk_out1 | u_lane_original/gearbox32to66_cmp/u_aligner/seekerR/seekerL/seekerL/seekerL/seekerL/hdr_cnt                               | u_lane_original/gearbox32to66_cmp/u_aligner/seekerL/seekerL/seekerL/seekerL/seekerR/seekerL/seeker_pos_idx_c_reg[0]_0[0]  |                1 |              5 |         5.00 |
|  u_pll/inst/clk_out1 | u_lane_original/gearbox32to66_cmp/u_aligner/seekerR/seekerL/seekerL/seekerL/seekerR/hdr_cnt                               | u_lane_original/gearbox32to66_cmp/u_aligner/seekerL/seekerL/seekerL/seekerL/seekerR/seekerL/seeker_pos_idx_c_reg[0]_2[0]  |                1 |              5 |         5.00 |
|  u_pll/inst/clk_out1 | u_lane_original/gearbox32to66_cmp/u_aligner/seekerR/seekerL/seekerL/seekerR/seekerL/hdr_cnt                               | u_lane_original/gearbox32to66_cmp/u_aligner/seekerL/seekerL/seekerL/seekerL/seekerR/seekerL/seeker_pos_idx_c_reg[0]_5[0]  |                1 |              5 |         5.00 |
|  u_pll/inst/clk_out1 | u_lane_original/gearbox32to66_cmp/u_aligner/seekerL/seekerR/seekerL/seekerL/seekerL/hdr_cnt                               | u_lane_original/gearbox32to66_cmp/u_aligner/seekerL/seekerL/seekerL/seekerL/seekerR/seekerL/seeker_pos_idx_c_reg[0]_47[0] |                1 |              5 |         5.00 |
|  u_pll/inst/clk_out1 | u_lane_original/gearbox32to66_cmp/u_aligner/seekerL/seekerL/seekerR/seekerL/seekerR/hdr_cnt                               | u_lane_original/gearbox32to66_cmp/u_aligner/seekerL/seekerL/seekerL/seekerL/seekerR/seekerL/seeker_pos_idx_c_reg[0]_74[0] |                1 |              5 |         5.00 |
|  u_pll/inst/clk_out1 | u_lane_original/gearbox32to66_cmp/u_aligner/seekerR/seekerL/seekerL/seekerR/seekerR/hdr_cnt                               | u_lane_original/gearbox32to66_cmp/u_aligner/seekerL/seekerL/seekerL/seekerL/seekerR/seekerL/seeker_pos_idx_c_reg[0]_8[0]  |                1 |              5 |         5.00 |
|  u_pll/inst/clk_out1 | u_lane_original/gearbox32to66_cmp/u_aligner/seekerR/seekerL/seekerR/seekerL/seekerL/hdr_cnt                               | u_lane_original/gearbox32to66_cmp/u_aligner/seekerL/seekerL/seekerL/seekerL/seekerR/seekerL/seeker_pos_idx_c_reg[0]_11[0] |                1 |              5 |         5.00 |
|  u_pll/inst/clk_out1 | u_lane_original/gearbox32to66_cmp/u_aligner/seekerL/seekerR/seekerL/seekerL/seekerR/hdr_cnt                               | u_lane_original/gearbox32to66_cmp/u_aligner/seekerL/seekerL/seekerL/seekerL/seekerR/seekerL/seeker_pos_idx_c_reg[0]_50[0] |                1 |              5 |         5.00 |
|  u_pll/inst/clk_out1 | u_lane_original/gearbox32to66_cmp/u_aligner/seekerL/seekerR/seekerL/seekerR/seekerL/hdr_cnt                               | u_lane_original/gearbox32to66_cmp/u_aligner/seekerL/seekerL/seekerL/seekerL/seekerR/seekerL/seeker_pos_idx_c_reg[0]_53[0] |                1 |              5 |         5.00 |
|  u_pll/inst/clk_out1 | u_lane_original/gearbox32to66_cmp/u_aligner/seekerL/seekerR/seekerL/seekerR/seekerR/hdr_cnt                               | u_lane_original/gearbox32to66_cmp/u_aligner/seekerL/seekerL/seekerL/seekerL/seekerR/seekerL/seeker_pos_idx_c_reg[0]_56[0] |                1 |              5 |         5.00 |
|  u_pll/inst/clk_out1 | u_lane_original/gearbox32to66_cmp/u_aligner/seekerL/seekerR/seekerR/seekerL/seekerL/hdr_cnt                               | u_lane_original/gearbox32to66_cmp/u_aligner/seekerL/seekerL/seekerL/seekerL/seekerR/seekerL/seeker_pos_idx_c_reg[0]_59[0] |                1 |              5 |         5.00 |
|  u_pll/inst/clk_out1 | u_lane_original/gearbox32to66_cmp/u_aligner/seekerL/seekerR/seekerR/seekerL/seekerR/hdr_cnt                               | u_lane_original/gearbox32to66_cmp/u_aligner/seekerL/seekerL/seekerL/seekerL/seekerR/seekerL/seeker_pos_idx_c_reg[0]_62[0] |                1 |              5 |         5.00 |
|  u_pll/inst/clk_out1 | u_lane_original/gearbox32to66_cmp/u_aligner/seekerL/seekerR/seekerR/seekerR/seekerL/hdr_cnt                               | u_lane_original/gearbox32to66_cmp/u_aligner/seekerL/seekerL/seekerL/seekerL/seekerR/seekerL/seeker_pos_idx_c_reg[0]_65[0] |                1 |              5 |         5.00 |
|  u_pll/inst/clk_out1 | u_lane_original/gearbox32to66_cmp/u_aligner/seekerL/seekerL/seekerR/seekerL/seekerL/hdr_cnt                               | u_lane_original/gearbox32to66_cmp/u_aligner/seekerL/seekerL/seekerL/seekerL/seekerR/seekerL/seeker_pos_idx_c_reg[0]_71[0] |                1 |              5 |         5.00 |
|  u_pll/inst/clk_out1 | u_lane_original/gearbox32to66_cmp/u_aligner/seekerL/seekerL/seekerR/seekerR/seekerL/hdr_cnt                               | u_lane_original/gearbox32to66_cmp/u_aligner/seekerL/seekerL/seekerL/seekerL/seekerR/seekerL/seeker_pos_idx_c_reg[0]_77[0] |                2 |              5 |         2.50 |
|  u_pll/inst/clk_out1 | u_lane_original/gearbox32to66_cmp/u_aligner/seekerL/seekerL/seekerR/seekerR/seekerR/hdr_cnt                               | u_lane_original/gearbox32to66_cmp/u_aligner/seekerL/seekerL/seekerL/seekerL/seekerR/seekerL/seeker_pos_idx_c_reg[0]_80[0] |                1 |              5 |         5.00 |
|  u_pll/inst/clk_out1 | u_lane_original/gearbox32to66_cmp/u_aligner/seekerL/seekerL/seekerL/seekerL/seekerL/hdr_cnt[4]_i_2_n_0                    | u_lane_original/gearbox32to66_cmp/u_aligner/seekerL/seekerL/seekerL/seekerL/seekerL/hdr_cnt                               |                1 |              5 |         5.00 |
|  u_pll/inst/clk_out1 | u_lane_original/gearbox32to66_cmp/u_aligner/seekerL/seekerL/seekerL/seekerR/seekerL/hdr_cnt                               | u_lane_original/gearbox32to66_cmp/u_aligner/seekerL/seekerL/seekerL/seekerL/seekerR/seekerL/seeker_pos_idx_c_reg[0]_83[0] |                1 |              5 |         5.00 |
|  u_pll/inst/clk_out1 | u_lane_original/gearbox32to66_cmp/u_aligner/seekerL/seekerL/seekerL/seekerR/seekerR/hdr_cnt                               | u_lane_original/gearbox32to66_cmp/u_aligner/seekerL/seekerL/seekerL/seekerL/seekerR/seekerL/seeker_pos_idx_c_reg[0]_86[0] |                1 |              5 |         5.00 |
|  u_pll/inst/clk_out1 | u_lane_original/gearbox32to66_cmp/u_aligner/seekerR/seekerR/seekerR/seekerR/seekerR/hdr_cnt                               | u_lane_original/gearbox32to66_cmp/u_aligner/seekerL/seekerL/seekerL/seekerL/seekerR/seekerL/seeker_pos_idx_c_reg[0]_44[0] |                1 |              5 |         5.00 |
|  u_pll/inst/clk_out1 | u_lane_original/xapp1017_serdes_1280.serdes_cmp/loop3[0].dc_inst/m_delay_val_int[4]_i_1_n_0                               |                                                                                                                           |                2 |              5 |         2.50 |
|  u_pll/inst/clk_out1 | u_lane_original/xapp1017_serdes_1280.serdes_cmp/loop3[0].dc_inst/s_delay_val_int[4]_i_1_n_0                               | gpio_switch_IBUF[7]                                                                                                       |                2 |              5 |         2.50 |
|  u_pll/inst/clk_out1 | u_lane_original/gearbox32to66_cmp/u_aligner/seekerR/seekerL/seekerR/seekerL/seekerR/hdr_cnt                               | u_lane_original/gearbox32to66_cmp/u_aligner/seekerL/seekerL/seekerL/seekerL/seekerR/seekerL/seeker_pos_idx_c_reg[0]_14[0] |                1 |              5 |         5.00 |
|  u_pll/inst/clk_out1 | u_lane_original/xapp1017_serdes_1280.serdes_cmp/loop3[0].dc_inst/s_delay_val_eye[4]_i_1_n_0                               | gpio_switch_IBUF[7]                                                                                                       |                1 |              5 |         5.00 |
|  u_pll/inst/clk_out1 | u_lane_original/gearbox32to66_cmp/u_aligner/seekerR/seekerR/seekerL/seekerL/seekerL/hdr_cnt                               | u_lane_original/gearbox32to66_cmp/u_aligner/seekerL/seekerL/seekerL/seekerL/seekerR/seekerL/seeker_pos_idx_c_reg[0]_23[0] |                1 |              5 |         5.00 |
|  u_pll/inst/clk_out1 | u_lane_original/gearbox32to66_cmp/u_aligner/seekerR/seekerR/seekerL/seekerL/seekerR/hdr_cnt                               | u_lane_original/gearbox32to66_cmp/u_aligner/seekerL/seekerL/seekerL/seekerL/seekerR/seekerL/seeker_pos_idx_c_reg[0]_26[0] |                1 |              5 |         5.00 |
|  u_pll/inst/clk_out1 | u_lane_original/gearbox32to66_cmp/u_aligner/seekerR/seekerR/seekerL/seekerR/seekerL/hdr_cnt                               | u_lane_original/gearbox32to66_cmp/u_aligner/seekerL/seekerL/seekerL/seekerL/seekerR/seekerL/seeker_pos_idx_c_reg[0]_29[0] |                1 |              5 |         5.00 |
|  u_pll/inst/clk_out1 | u_lane_original/gearbox32to66_cmp/u_aligner/seekerR/seekerR/seekerL/seekerR/seekerR/hdr_cnt                               | u_lane_original/gearbox32to66_cmp/u_aligner/seekerL/seekerL/seekerL/seekerL/seekerR/seekerL/seeker_pos_idx_c_reg[0]_32[0] |                1 |              5 |         5.00 |
|  u_pll/inst/clk_out1 | u_lane_original/gearbox32to66_cmp/u_aligner/seekerR/seekerR/seekerR/seekerL/seekerL/hdr_cnt                               | u_lane_original/gearbox32to66_cmp/u_aligner/seekerL/seekerL/seekerL/seekerL/seekerR/seekerL/seeker_pos_idx_c_reg[0]_35[0] |                1 |              5 |         5.00 |
|  u_pll/inst/clk_out1 | u_lane_original/gearbox32to66_cmp/u_aligner/seekerR/seekerR/seekerR/seekerL/seekerR/hdr_cnt                               | u_lane_original/gearbox32to66_cmp/u_aligner/seekerL/seekerL/seekerL/seekerL/seekerR/seekerL/seeker_pos_idx_c_reg[0]_38[0] |                1 |              5 |         5.00 |
|  u_pll/inst/clk_out1 | u_lane_original/gearbox32to66_cmp/u_aligner/seekerR/seekerR/seekerR/seekerR/seekerL/hdr_cnt                               | u_lane_original/gearbox32to66_cmp/u_aligner/seekerL/seekerL/seekerL/seekerL/seekerR/seekerL/seeker_pos_idx_c_reg[0]_41[0] |                1 |              5 |         5.00 |
|  u_pll/inst/clk_out1 | u_lane_original/xapp1017_serdes_1280.serdes_cmp/loop3[0].dc_inst/pdcount[5]_i_2_n_0                                       | u_lane_original/xapp1017_serdes_1280.serdes_cmp/loop3[0].dc_inst/pdcount[5]_i_1_n_0                                       |                2 |              6 |         3.00 |
|  u_pll/inst/clk_out1 | u_lane_original/xapp1017_serdes_1280.serdes_cmp/m_count[5]_i_1_n_0                                                        | gpio_switch_IBUF[7]                                                                                                       |                2 |              6 |         3.00 |
|  u_pll/inst/clk_out1 | u_lane_original/gearbox32to66_cmp/data66_cnt[5]_i_1_n_0                                                                   | gpio_switch_IBUF[7]                                                                                                       |                1 |              6 |         6.00 |
|  u_pll/inst/clk_out1 | u_lane_original/gearbox32to66_cmp/u_aligner/seekerL/seekerL/seekerL/seekerL/seekerR/seekerL/seeker_pos_idx_c_reg[0]_6[0]  | u_lane_original/gearbox32to66_cmp/u_aligner/seekerL/seekerL/seekerL/seekerL/seekerR/seekerL/seeker_pos_idx_c_reg[0]_4[0]  |                2 |              7 |         3.50 |
|  u_pll/inst/clk_out1 | u_lane_original/gearbox32to66_cmp/u_aligner/seekerL/seekerL/seekerL/seekerL/seekerR/seekerL/seeker_pos_idx_c_reg[0]_54[0] | u_lane_original/gearbox32to66_cmp/u_aligner/seekerL/seekerL/seekerL/seekerL/seekerR/seekerL/seeker_pos_idx_c_reg[0]_52[0] |                2 |              7 |         3.50 |
|  u_pll/inst/clk_out1 | u_lane_original/gearbox32to66_cmp/u_aligner/seekerL/seekerL/seekerL/seekerL/seekerR/seekerL/seeker_pos_idx_c_reg[0]_63[0] | u_lane_original/gearbox32to66_cmp/u_aligner/seekerL/seekerL/seekerL/seekerL/seekerR/seekerL/seeker_pos_idx_c_reg[0]_61[0] |                3 |              7 |         2.33 |
|  u_pll/inst/clk_out1 | u_lane_original/gearbox32to66_cmp/u_aligner/seekerL/seekerL/seekerL/seekerL/seekerR/seekerL/seeker_pos_idx_c_reg[0]_78[0] | u_lane_original/gearbox32to66_cmp/u_aligner/seekerL/seekerL/seekerL/seekerL/seekerR/seekerL/seeker_pos_idx_c_reg[0]_76[0] |                3 |              7 |         2.33 |
|  u_pll/inst/clk_out1 | u_lane_original/gearbox32to66_cmp/u_aligner/seekerL/seekerL/seekerL/seekerL/seekerR/seekerL/seeker_pos_idx_c_reg[0]_24[0] | u_lane_original/gearbox32to66_cmp/u_aligner/seekerL/seekerL/seekerL/seekerL/seekerR/seekerL/seeker_pos_idx_c_reg[0]_22[0] |                2 |              7 |         3.50 |
|  u_pll/inst/clk_out1 | u_lane_original/gearbox32to66_cmp/u_aligner/seekerL/seekerL/seekerL/seekerL/seekerR/seekerL/seeker_pos_idx_c[6]_i_2_n_0   | u_lane_original/gearbox32to66_cmp/u_aligner/seekerL/seekerL/seekerL/seekerL/seekerR/seekerL/seeker_pos_idx_c[6]_i_1_n_0   |                3 |              7 |         2.33 |
|  u_pll/inst/clk_out1 | u_lane_original/gearbox32to66_cmp/u_aligner/seekerL/seekerL/seekerL/seekerL/seekerR/seekerL/E[0]                          | u_lane_original/gearbox32to66_cmp/u_aligner/seekerL/seekerL/seekerL/seekerL/seekerR/seekerL/SR[0]                         |                2 |              7 |         3.50 |
|  u_pll/inst/clk_out1 | u_lane_original/gearbox32to66_cmp/u_aligner/seekerL/seekerL/seekerL/seekerL/seekerR/seekerL/seeker_pos_idx_c_reg[0]_15[0] | u_lane_original/gearbox32to66_cmp/u_aligner/seekerL/seekerL/seekerL/seekerL/seekerR/seekerL/seeker_pos_idx_c_reg[0]_13[0] |                2 |              7 |         3.50 |
|  u_pll/inst/clk_out1 | u_lane_original/gearbox32to66_cmp/u_aligner/seekerL/seekerL/seekerL/seekerL/seekerR/seekerL/seeker_pos_idx_c_reg[0]_48[0] | u_lane_original/gearbox32to66_cmp/u_aligner/seekerL/seekerL/seekerL/seekerL/seekerR/seekerL/seeker_pos_idx_c_reg[0]_46[0] |                3 |              7 |         2.33 |
|  u_pll/inst/clk_out1 | u_lane_original/gearbox32to66_cmp/u_aligner/seekerL/seekerL/seekerL/seekerL/seekerR/seekerL/seeker_pos_idx_c_reg[0]_12[0] | u_lane_original/gearbox32to66_cmp/u_aligner/seekerL/seekerL/seekerL/seekerL/seekerR/seekerL/seeker_pos_idx_c_reg[0]_10[0] |                3 |              7 |         2.33 |
|  u_pll/inst/clk_out1 | u_lane_original/gearbox32to66_cmp/u_aligner/seekerL/seekerL/seekerL/seekerL/seekerR/seekerL/seeker_pos_idx_c_reg[0]_18[0] | u_lane_original/gearbox32to66_cmp/u_aligner/seekerL/seekerL/seekerL/seekerL/seekerR/seekerL/seeker_pos_idx_c_reg[0]_16[0] |                3 |              7 |         2.33 |
|  u_pll/inst/clk_out1 | u_lane_original/gearbox32to66_cmp/u_aligner/seekerL/seekerL/seekerL/seekerL/seekerR/seekerL/seeker_pos_idx_c_reg[0]_9[0]  | u_lane_original/gearbox32to66_cmp/u_aligner/seekerL/seekerL/seekerL/seekerL/seekerR/seekerL/seeker_pos_idx_c_reg[0]_7[0]  |                3 |              7 |         2.33 |
|  u_pll/inst/clk_out1 | u_lane_original/gearbox32to66_cmp/u_aligner/seekerL/seekerL/seekerL/seekerL/seekerR/seekerL/seeker_pos_idx_c_reg[0]_30[0] | u_lane_original/gearbox32to66_cmp/u_aligner/seekerL/seekerL/seekerL/seekerL/seekerR/seekerL/seeker_pos_idx_c_reg[0]_28[0] |                2 |              7 |         3.50 |
|  u_pll/inst/clk_out1 | u_lane_original/gearbox32to66_cmp/u_aligner/seekerL/seekerL/seekerL/seekerL/seekerR/seekerL/seeker_pos_idx_c_reg[0]_21[0] | u_lane_original/gearbox32to66_cmp/u_aligner/seekerL/seekerL/seekerL/seekerL/seekerR/seekerL/seeker_pos_idx_c_reg[0]_19[0] |                2 |              7 |         3.50 |
|  u_pll/inst/clk_out1 | u_lane_original/gearbox32to66_cmp/u_aligner/seekerL/seekerL/seekerL/seekerL/seekerR/seekerL/seeker_pos_idx_c_reg[0]_27[0] | u_lane_original/gearbox32to66_cmp/u_aligner/seekerL/seekerL/seekerL/seekerL/seekerR/seekerL/seeker_pos_idx_c_reg[0]_25[0] |                3 |              7 |         2.33 |
|  u_pll/inst/clk_out1 | u_lane_original/gearbox32to66_cmp/u_aligner/seekerL/seekerL/seekerL/seekerL/seekerR/seekerL/seeker_pos_idx_c_reg[0]_33[0] | u_lane_original/gearbox32to66_cmp/u_aligner/seekerL/seekerL/seekerL/seekerL/seekerR/seekerL/seeker_pos_idx_c_reg[0]_31[0] |                3 |              7 |         2.33 |
|  u_pll/inst/clk_out1 | u_lane_original/gearbox32to66_cmp/u_aligner/seekerL/seekerL/seekerL/seekerL/seekerR/seekerL/seeker_pos_idx_c_reg[0]_36[0] | u_lane_original/gearbox32to66_cmp/u_aligner/seekerL/seekerL/seekerL/seekerL/seekerR/seekerL/seeker_pos_idx_c_reg[0]_34[0] |                3 |              7 |         2.33 |
|  u_pll/inst/clk_out1 | u_lane_original/gearbox32to66_cmp/u_aligner/seekerL/seekerL/seekerL/seekerL/seekerR/seekerL/seeker_pos_idx_c_reg[0]_39[0] | u_lane_original/gearbox32to66_cmp/u_aligner/seekerL/seekerL/seekerL/seekerL/seekerR/seekerL/seeker_pos_idx_c_reg[0]_37[0] |                3 |              7 |         2.33 |
|  u_pll/inst/clk_out1 | u_lane_original/gearbox32to66_cmp/u_aligner/seekerL/seekerL/seekerL/seekerL/seekerR/seekerL/seeker_pos_idx_c_reg[0]_42[0] | u_lane_original/gearbox32to66_cmp/u_aligner/seekerL/seekerL/seekerL/seekerL/seekerR/seekerL/seeker_pos_idx_c_reg[0]_40[0] |                3 |              7 |         2.33 |
|  u_pll/inst/clk_out1 | u_lane_original/gearbox32to66_cmp/gearbox_cnt                                                                             | gpio_switch_IBUF[7]                                                                                                       |                3 |              7 |         2.33 |
|  u_pll/inst/clk_out1 | u_lane_original/gearbox32to66_cmp/u_aligner/seekerL/seekerL/seekerL/seekerL/seekerR/seekerL/seeker_pos_idx_c_reg[0]_45[0] | u_lane_original/gearbox32to66_cmp/u_aligner/seekerL/seekerL/seekerL/seekerL/seekerR/seekerL/seeker_pos_idx_c_reg[0]_43[0] |                2 |              7 |         3.50 |
|  u_pll/inst/clk_out1 | u_lane_original/gearbox32to66_cmp/u_aligner/seekerL/seekerL/seekerL/seekerL/seekerR/seekerL/seeker_pos_idx_c_reg[0]_3[0]  | u_lane_original/gearbox32to66_cmp/u_aligner/seekerL/seekerL/seekerL/seekerL/seekerR/seekerL/seeker_pos_idx_c_reg[0]_1[0]  |                2 |              7 |         3.50 |
|  u_pll/inst/clk_out1 | u_lane_original/gearbox32to66_cmp/u_aligner/seekerL/seekerL/seekerL/seekerL/seekerR/seekerL/seeker_pos_idx_c_reg[0]_66[0] | u_lane_original/gearbox32to66_cmp/u_aligner/seekerL/seekerL/seekerL/seekerL/seekerR/seekerL/seeker_pos_idx_c_reg[0]_64[0] |                3 |              7 |         2.33 |
|  u_pll/inst/clk_out1 | u_lane_original/gearbox32to66_cmp/u_aligner/seekerL/seekerL/seekerL/seekerL/seekerR/seekerL/seeker_pos_idx_c_reg[0]_81[0] | u_lane_original/gearbox32to66_cmp/u_aligner/seekerL/seekerL/seekerL/seekerL/seekerR/seekerL/seeker_pos_idx_c_reg[0]_79[0] |                4 |              7 |         1.75 |
|  u_pll/inst/clk_out1 | u_lane_original/gearbox32to66_cmp/u_aligner/seekerL/seekerL/seekerL/seekerL/seekerR/seekerL/seeker_pos_idx_c_reg[0]_90[0] | u_lane_original/gearbox32to66_cmp/u_aligner/seekerL/seekerL/seekerL/seekerL/seekerR/seekerL/seeker_pos_idx_c_reg[0]_88[0] |                3 |              7 |         2.33 |
|  u_pll/inst/clk_out1 | u_lane_original/gearbox32to66_cmp/u_aligner/seekerL/seekerL/seekerL/seekerL/seekerR/seekerL/seeker_pos_idx_c_reg[0]_72[0] | u_lane_original/gearbox32to66_cmp/u_aligner/seekerL/seekerL/seekerL/seekerL/seekerR/seekerL/seeker_pos_idx_c_reg[0]_70[0] |                2 |              7 |         3.50 |
|  u_pll/inst/clk_out1 | u_lane_original/gearbox32to66_cmp/u_aligner/seekerL/seekerL/seekerL/seekerL/seekerR/seekerL/seeker_pos_idx_c_reg[0]_84[0] | u_lane_original/gearbox32to66_cmp/u_aligner/seekerL/seekerL/seekerL/seekerL/seekerR/seekerL/seeker_pos_idx_c_reg[0]_82[0] |                2 |              7 |         3.50 |
|  u_pll/inst/clk_out1 | u_lane_original/gearbox32to66_cmp/u_aligner/seekerL/seekerL/seekerL/seekerL/seekerR/seekerL/seeker_pos_idx_c_reg[0]_75[0] | u_lane_original/gearbox32to66_cmp/u_aligner/seekerL/seekerL/seekerL/seekerL/seekerR/seekerL/seeker_pos_idx_c_reg[0]_73[0] |                3 |              7 |         2.33 |
|  u_pll/inst/clk_out1 | u_lane_original/gearbox32to66_cmp/u_aligner/seekerL/seekerL/seekerL/seekerL/seekerR/seekerL/seeker_pos_idx_c_reg[0]_87[0] | u_lane_original/gearbox32to66_cmp/u_aligner/seekerL/seekerL/seekerL/seekerL/seekerR/seekerL/seeker_pos_idx_c_reg[0]_85[0] |                2 |              7 |         3.50 |
|  u_pll/inst/clk_out1 | u_lane_original/gearbox32to66_cmp/u_aligner/seekerL/seekerL/seekerL/seekerL/seekerR/seekerL/seeker_pos_idx_c_reg[0]_57[0] | u_lane_original/gearbox32to66_cmp/u_aligner/seekerL/seekerL/seekerL/seekerL/seekerR/seekerL/seeker_pos_idx_c_reg[0]_55[0] |                3 |              7 |         2.33 |
|  u_pll/inst/clk_out1 | u_lane_original/gearbox32to66_cmp/u_aligner/seekerL/seekerL/seekerL/seekerL/seekerR/seekerL/seeker_pos_idx_c_reg[0]_69[0] | u_lane_original/gearbox32to66_cmp/u_aligner/seekerL/seekerL/seekerL/seekerL/seekerR/seekerL/seeker_pos_idx_c_reg[0]_67[0] |                2 |              7 |         3.50 |
|  u_pll/inst/clk_out1 | u_lane_original/gearbox32to66_cmp/u_aligner/seekerL/seekerL/seekerL/seekerL/seekerR/seekerL/seeker_pos_idx_c_reg[0]_51[0] | u_lane_original/gearbox32to66_cmp/u_aligner/seekerL/seekerL/seekerL/seekerL/seekerR/seekerL/seeker_pos_idx_c_reg[0]_49[0] |                3 |              7 |         2.33 |
|  u_pll/inst/clk_out1 | u_lane_original/gearbox32to66_cmp/u_aligner/seekerL/seekerL/seekerL/seekerL/seekerR/seekerL/seeker_pos_idx_c_reg[0]_60[0] | u_lane_original/gearbox32to66_cmp/u_aligner/seekerL/seekerL/seekerL/seekerL/seekerR/seekerL/seeker_pos_idx_c_reg[0]_58[0] |                3 |              7 |         2.33 |
|  u_pll/inst/clk_out1 | u_lane_original/xapp1017_serdes_1280.serdes_cmp/loop3[0].dc_inst/pd_hold[7]_i_1_n_0                                       | gpio_switch_IBUF[7]                                                                                                       |                2 |              8 |         4.00 |
|  u_pll/inst/clk_out1 | u_lane_original/gearbox32to66_cmp/data66_valid_o                                                                          | u_lane_original/gearbox32to66_cmp/u_aligner/seekerR/seekerL/seekerR/seekerL/data66_valid_i_reg                            |               13 |             16 |         1.23 |
|  u_pll/inst/clk_out1 | u_lane_original/xapp1017_serdes_1280.serdes_cmp/loop3[0].dc_inst/E[0]                                                     |                                                                                                                           |                7 |             20 |         2.86 |
|  u_pll/inst/clk_out1 | u_lane_original/xapp1017_serdes_1280.serdes_data32[31]_i_1_n_0                                                            | gpio_switch_IBUF[7]                                                                                                       |                5 |             32 |         6.40 |
|  u_pll/inst/clk_out1 |                                                                                                                           |                                                                                                                           |               24 |             53 |         2.21 |
|  u_pll/inst/clk_out1 |                                                                                                                           | gpio_switch_IBUF[7]                                                                                                       |               28 |             61 |         2.18 |
|  u_pll/inst/clk_out1 | u_lane_original/gearbox32to66_cmp/data66_o[65]_i_1_n_0                                                                    | gpio_switch_IBUF[7]                                                                                                       |               13 |             66 |         5.08 |
|  u_pll/inst/clk_out1 | u_lane_original/gearbox32to66_cmp/u_aligner/seekerL/seekerL/seekerR/seekerR/seekerL/data66_valid_i_reg[0]                 | gpio_switch_IBUF[7]                                                                                                       |               19 |             66 |         3.47 |
|  u_pll/inst/clk_out1 | u_lane_original/gearbox32to66_cmp/data66_t_valid                                                                          | gpio_switch_IBUF[7]                                                                                                       |               14 |             66 |         4.71 |
|  u_pll/inst/clk_out1 | u_lane_original/descrambled_data_valid                                                                                    | gpio_switch_IBUF[7]                                                                                                       |               14 |             66 |         4.71 |
|  u_pll/inst/clk_out1 | u_lane_original/gearbox32to66_cmp/data66_buf2[65]_i_1_n_0                                                                 | gpio_switch_IBUF[7]                                                                                                       |               14 |             66 |         4.71 |
|  u_pll/inst/clk_out1 | u_lane_original/scrambled_data_valid_reg_n_0                                                                              | gpio_switch_IBUF[7]                                                                                                       |               20 |            122 |         6.10 |
|  u_pll/inst/clk_out1 | u_lane_original/serdes_data32_valid                                                                                       | gpio_switch_IBUF[7]                                                                                                       |               98 |            261 |         2.66 |
|  u_pll/inst/clk_out1 | u_lane_original/gearbox32to66_cmp/data66_valid_o                                                                          |                                                                                                                           |              120 |            326 |         2.72 |
+----------------------+---------------------------------------------------------------------------------------------------------------------------+---------------------------------------------------------------------------------------------------------------------------+------------------+----------------+--------------+


