
*** Running vivado
    with args -log vc709_top.vds -m64 -product Vivado -mode batch -messageDb vivado.pb -notrace -source vc709_top.tcl



****** Vivado v2021.1 (64-bit)
  **** SW Build 3247384 on Thu Jun 10 19:36:33 MDT 2021
  **** IP Build 3246043 on Fri Jun 11 00:30:35 MDT 2021
    ** Copyright 1986-2021 Xilinx, Inc. All Rights Reserved.

source vc709_top.tcl -notrace
Command: synth_design -top vc709_top -part xc7vx690tffg1761-2
Starting synth_design
Attempting to get a license for feature 'Synthesis' and/or device 'xc7vx690t'
INFO: [Common 17-349] Got license for feature 'Synthesis' and/or device 'xc7vx690t'
INFO: [Device 21-403] Loading part xc7vx690tffg1761-2
INFO: [Synth 8-7079] Multithreading enabled for synth_design using a maximum of 2 processes.
INFO: [Synth 8-7078] Launching helper process for spawning children vivado processes
INFO: [Synth 8-7075] Helper process launched with PID 34020
---------------------------------------------------------------------------------
Starting RTL Elaboration : Time (s): cpu = 00:00:04 ; elapsed = 00:00:04 . Memory (MB): peak = 1270.246 ; gain = 21.121
---------------------------------------------------------------------------------
INFO: [Synth 8-6157] synthesizing module 'vc709_top' [D:/UW/A-MasterResearch-LHC/CERN_RD53B_SEE/CERN_RD53B_SEE/tools/fpga/YARR_rx/YARR_rx.srcs/sources_1/new/vc709_top.sv:23]
INFO: [Synth 8-6157] synthesizing module 'IDELAYCTRL' [D:/AMD/Vivado/2021.1/scripts/rt/data/unisim_comp.v:53753]
INFO: [Synth 8-6155] done synthesizing module 'IDELAYCTRL' (1#1) [D:/AMD/Vivado/2021.1/scripts/rt/data/unisim_comp.v:53753]
INFO: [Synth 8-6157] synthesizing module 'clk_wiz_0' [D:/UW/A-MasterResearch-LHC/CERN_RD53B_SEE/CERN_RD53B_SEE/tools/fpga/SEE_HeadSeeker/SEE_HeadSeeker.runs/synth_1/.Xil/Vivado-31560-LAPTOP-F415E9JE/realtime/clk_wiz_0_stub.v:5]
INFO: [Synth 8-6155] done synthesizing module 'clk_wiz_0' (2#1) [D:/UW/A-MasterResearch-LHC/CERN_RD53B_SEE/CERN_RD53B_SEE/tools/fpga/SEE_HeadSeeker/SEE_HeadSeeker.runs/synth_1/.Xil/Vivado-31560-LAPTOP-F415E9JE/realtime/clk_wiz_0_stub.v:5]
INFO: [Synth 8-638] synthesizing module 'aurora_rx_lane' [D:/UW/A-MasterResearch-LHC/CERN_RD53B_SEE/CERN_RD53B_SEE/src/hdl/version2-hongjiang/fpga/aurora_rx_lane_wip.vhd:41]
	Parameter S bound to: 8 - type: integer 
	Parameter D bound to: 1 - type: integer 
	Parameter CLKIN_PERIOD bound to: 1.562500 - type: double 
	Parameter REF_FREQ bound to: 310.000000 - type: double 
	Parameter HIGH_PERFORMANCE_MODE bound to: TRUE - type: string 
	Parameter DATA_FORMAT bound to: PER_CLOCK - type: string 
INFO: [Synth 8-3491] module 'serdes_1_to_468_idelay_ddr' declared at 'D:/UW/A-MasterResearch-LHC/CERN_RD53B_SEE/CERN_RD53B_SEE/src/hdl/version2-hongjiang/fpga/serdes_1_to_468_idelay_ddr.vhd:65' bound to instance 'serdes_cmp' of component 'serdes_1_to_468_idelay_ddr' [D:/UW/A-MasterResearch-LHC/CERN_RD53B_SEE/CERN_RD53B_SEE/src/hdl/version2-hongjiang/fpga/aurora_rx_lane_wip.vhd:204]
INFO: [Synth 8-638] synthesizing module 'serdes_1_to_468_idelay_ddr' [D:/UW/A-MasterResearch-LHC/CERN_RD53B_SEE/CERN_RD53B_SEE/src/hdl/version2-hongjiang/fpga/serdes_1_to_468_idelay_ddr.vhd:96]
	Parameter S bound to: 8 - type: integer 
	Parameter D bound to: 1 - type: integer 
	Parameter CLKIN_PERIOD bound to: 1.562500 - type: double 
	Parameter REF_FREQ bound to: 310.000000 - type: double 
	Parameter HIGH_PERFORMANCE_MODE bound to: TRUE - type: string 
	Parameter DATA_FORMAT bound to: PER_CLOCK - type: string 
	Parameter S bound to: 8 - type: integer 
INFO: [Synth 8-3491] module 'delay_controller_wrap' declared at 'D:/UW/A-MasterResearch-LHC/CERN_RD53B_SEE/CERN_RD53B_SEE/src/hdl/version2-hongjiang/fpga/delay_controller_wrap.vhd:63' bound to instance 'dc_inst' of component 'delay_controller_wrap' [D:/UW/A-MasterResearch-LHC/CERN_RD53B_SEE/CERN_RD53B_SEE/src/hdl/version2-hongjiang/fpga/serdes_1_to_468_idelay_ddr.vhd:325]
INFO: [Synth 8-638] synthesizing module 'delay_controller_wrap' [D:/UW/A-MasterResearch-LHC/CERN_RD53B_SEE/CERN_RD53B_SEE/src/hdl/version2-hongjiang/fpga/delay_controller_wrap.vhd:84]
	Parameter S bound to: 8 - type: integer 
INFO: [Synth 8-256] done synthesizing module 'delay_controller_wrap' (3#1) [D:/UW/A-MasterResearch-LHC/CERN_RD53B_SEE/CERN_RD53B_SEE/src/hdl/version2-hongjiang/fpga/delay_controller_wrap.vhd:84]
	Parameter DELAY_SRC bound to: IDATAIN - type: string 
	Parameter HIGH_PERFORMANCE_MODE bound to: TRUE - type: string 
	Parameter IDELAY_TYPE bound to: VAR_LOAD - type: string 
	Parameter IDELAY_VALUE bound to: 0 - type: integer 
	Parameter REFCLK_FREQUENCY bound to: 310.000000 - type: double 
INFO: [Synth 8-113] binding component instance 'idelay_m' to cell 'IDELAYE2' [D:/UW/A-MasterResearch-LHC/CERN_RD53B_SEE/CERN_RD53B_SEE/src/hdl/version2-hongjiang/fpga/serdes_1_to_468_idelay_ddr.vhd:377]
	Parameter DATA_RATE bound to: DDR - type: string 
	Parameter DATA_WIDTH bound to: 8 - type: integer 
	Parameter DYN_CLK_INV_EN bound to: FALSE - type: string 
	Parameter INTERFACE_TYPE bound to: NETWORKING - type: string 
	Parameter IOBDELAY bound to: IFD - type: string 
	Parameter SERDES_MODE bound to: MASTER - type: string 
INFO: [Synth 8-113] binding component instance 'iserdes_m' to cell 'ISERDESE2' [D:/UW/A-MasterResearch-LHC/CERN_RD53B_SEE/CERN_RD53B_SEE/src/hdl/version2-hongjiang/fpga/serdes_1_to_468_idelay_ddr.vhd:397]
	Parameter DELAY_SRC bound to: IDATAIN - type: string 
	Parameter HIGH_PERFORMANCE_MODE bound to: TRUE - type: string 
	Parameter IDELAY_TYPE bound to: VAR_LOAD - type: string 
	Parameter IDELAY_VALUE bound to: 0 - type: integer 
	Parameter REFCLK_FREQUENCY bound to: 310.000000 - type: double 
INFO: [Synth 8-113] binding component instance 'idelay_s' to cell 'IDELAYE2' [D:/UW/A-MasterResearch-LHC/CERN_RD53B_SEE/CERN_RD53B_SEE/src/hdl/version2-hongjiang/fpga/serdes_1_to_468_idelay_ddr.vhd:434]
	Parameter DATA_RATE bound to: DDR - type: string 
	Parameter DATA_WIDTH bound to: 8 - type: integer 
	Parameter DYN_CLK_INV_EN bound to: FALSE - type: string 
	Parameter INTERFACE_TYPE bound to: NETWORKING - type: string 
	Parameter IOBDELAY bound to: IFD - type: string 
INFO: [Synth 8-113] binding component instance 'iserdes_s' to cell 'ISERDESE2' [D:/UW/A-MasterResearch-LHC/CERN_RD53B_SEE/CERN_RD53B_SEE/src/hdl/version2-hongjiang/fpga/serdes_1_to_468_idelay_ddr.vhd:454]
INFO: [Synth 8-256] done synthesizing module 'serdes_1_to_468_idelay_ddr' (4#1) [D:/UW/A-MasterResearch-LHC/CERN_RD53B_SEE/CERN_RD53B_SEE/src/hdl/version2-hongjiang/fpga/serdes_1_to_468_idelay_ddr.vhd:96]
INFO: [Synth 8-3491] module 'gearbox32to66' declared at 'D:/UW/A-MasterResearch-LHC/CERN_RD53B_SEE/CERN_RD53B_SEE/src/hdl/version2-hongjiang/fpga/gearbox32to66_wip.vhd:13' bound to instance 'gearbox32to66_cmp' of component 'gearbox32to66' [D:/UW/A-MasterResearch-LHC/CERN_RD53B_SEE/CERN_RD53B_SEE/src/hdl/version2-hongjiang/fpga/aurora_rx_lane_wip.vhd:437]
INFO: [Synth 8-638] synthesizing module 'gearbox32to66' [D:/UW/A-MasterResearch-LHC/CERN_RD53B_SEE/CERN_RD53B_SEE/src/hdl/version2-hongjiang/fpga/gearbox32to66_wip.vhd:29]
INFO: [Synth 8-3491] module 'HSn_buffer_fix_top' declared at 'D:/UW/A-MasterResearch-LHC/CERN_RD53B_SEE/CERN_RD53B_SEE/src/hdl/version2-hongjiang/fpga/HSn_buffer_fix_top.sv:1' bound to instance 'u_aligner' of component 'HSn_buffer_fix_top' [D:/UW/A-MasterResearch-LHC/CERN_RD53B_SEE/CERN_RD53B_SEE/src/hdl/version2-hongjiang/fpga/gearbox32to66_wip.vhd:72]
INFO: [Synth 8-6157] synthesizing module 'HSn_buffer_fix_top' [D:/UW/A-MasterResearch-LHC/CERN_RD53B_SEE/CERN_RD53B_SEE/src/hdl/version2-hongjiang/fpga/HSn_buffer_fix_top.sv:1]
INFO: [Synth 8-6157] synthesizing module 'HSn_buffer_fix' [D:/UW/A-MasterResearch-LHC/CERN_RD53B_SEE/CERN_RD53B_SEE/src/hdl/version2-hongjiang/fpga/HSn_buffer_fix.sv:1]
	Parameter N bound to: 7'b0000011 
	Parameter MIN_POS bound to: 0 - type: integer 
	Parameter MAX_POS bound to: 65 - type: integer 
	Parameter STEP bound to: 7'b0000011 
INFO: [Synth 8-6157] synthesizing module 'unit_seeker_buffer_fix' [D:/UW/A-MasterResearch-LHC/CERN_RD53B_SEE/CERN_RD53B_SEE/src/hdl/version2-hongjiang/fpga/unit_seeker_buffer_fix.sv:1]
	Parameter INIT_POS bound to: 0 - type: integer 
	Parameter END_POS bound to: 65 - type: integer 
	Parameter POS_STEP bound to: 7'b0000011 
INFO: [Synth 8-6155] done synthesizing module 'unit_seeker_buffer_fix' (5#1) [D:/UW/A-MasterResearch-LHC/CERN_RD53B_SEE/CERN_RD53B_SEE/src/hdl/version2-hongjiang/fpga/unit_seeker_buffer_fix.sv:1]
INFO: [Synth 8-6157] synthesizing module 'HSn_buffer_fix__parameterized0' [D:/UW/A-MasterResearch-LHC/CERN_RD53B_SEE/CERN_RD53B_SEE/src/hdl/version2-hongjiang/fpga/HSn_buffer_fix.sv:1]
	Parameter N bound to: 7'b0000010 
	Parameter MIN_POS bound to: 1 - type: integer 
	Parameter MAX_POS bound to: 65 - type: integer 
	Parameter STEP bound to: 7'b0000011 
INFO: [Synth 8-6157] synthesizing module 'unit_seeker_buffer_fix__parameterized0' [D:/UW/A-MasterResearch-LHC/CERN_RD53B_SEE/CERN_RD53B_SEE/src/hdl/version2-hongjiang/fpga/unit_seeker_buffer_fix.sv:1]
	Parameter INIT_POS bound to: 1 - type: integer 
	Parameter END_POS bound to: 65 - type: integer 
	Parameter POS_STEP bound to: 7'b0000011 
INFO: [Synth 8-6155] done synthesizing module 'unit_seeker_buffer_fix__parameterized0' (5#1) [D:/UW/A-MasterResearch-LHC/CERN_RD53B_SEE/CERN_RD53B_SEE/src/hdl/version2-hongjiang/fpga/unit_seeker_buffer_fix.sv:1]
INFO: [Synth 8-6157] synthesizing module 'unit_seeker_buffer_fix__parameterized1' [D:/UW/A-MasterResearch-LHC/CERN_RD53B_SEE/CERN_RD53B_SEE/src/hdl/version2-hongjiang/fpga/unit_seeker_buffer_fix.sv:1]
	Parameter INIT_POS bound to: 2 - type: integer 
	Parameter END_POS bound to: 65 - type: integer 
	Parameter POS_STEP bound to: 7'b0000011 
INFO: [Synth 8-6155] done synthesizing module 'unit_seeker_buffer_fix__parameterized1' (5#1) [D:/UW/A-MasterResearch-LHC/CERN_RD53B_SEE/CERN_RD53B_SEE/src/hdl/version2-hongjiang/fpga/unit_seeker_buffer_fix.sv:1]
INFO: [Synth 8-6155] done synthesizing module 'HSn_buffer_fix__parameterized0' (6#1) [D:/UW/A-MasterResearch-LHC/CERN_RD53B_SEE/CERN_RD53B_SEE/src/hdl/version2-hongjiang/fpga/HSn_buffer_fix.sv:1]
INFO: [Synth 8-6155] done synthesizing module 'HSn_buffer_fix' (6#1) [D:/UW/A-MasterResearch-LHC/CERN_RD53B_SEE/CERN_RD53B_SEE/src/hdl/version2-hongjiang/fpga/HSn_buffer_fix.sv:1]
INFO: [Synth 8-6155] done synthesizing module 'HSn_buffer_fix_top' (7#1) [D:/UW/A-MasterResearch-LHC/CERN_RD53B_SEE/CERN_RD53B_SEE/src/hdl/version2-hongjiang/fpga/HSn_buffer_fix_top.sv:1]
INFO: [Synth 8-256] done synthesizing module 'gearbox32to66' (8#1) [D:/UW/A-MasterResearch-LHC/CERN_RD53B_SEE/CERN_RD53B_SEE/src/hdl/version2-hongjiang/fpga/gearbox32to66_wip.vhd:29]
INFO: [Synth 8-3491] module 'descrambler' declared at 'D:/UW/A-MasterResearch-LHC/CERN_RD53B_SEE/CERN_RD53B_SEE/src/hdl/version2-hongjiang/fpga/descrambler.v:5' bound to instance 'descrambler_cmp' of component 'descrambler' [D:/UW/A-MasterResearch-LHC/CERN_RD53B_SEE/CERN_RD53B_SEE/src/hdl/version2-hongjiang/fpga/aurora_rx_lane_wip.vhd:497]
INFO: [Synth 8-6157] synthesizing module 'descrambler' [D:/UW/A-MasterResearch-LHC/CERN_RD53B_SEE/CERN_RD53B_SEE/src/hdl/version2-hongjiang/fpga/descrambler.v:5]
INFO: [Synth 8-6155] done synthesizing module 'descrambler' (9#1) [D:/UW/A-MasterResearch-LHC/CERN_RD53B_SEE/CERN_RD53B_SEE/src/hdl/version2-hongjiang/fpga/descrambler.v:5]
INFO: [Synth 8-256] done synthesizing module 'aurora_rx_lane' (10#1) [D:/UW/A-MasterResearch-LHC/CERN_RD53B_SEE/CERN_RD53B_SEE/src/hdl/version2-hongjiang/fpga/aurora_rx_lane_wip.vhd:41]
INFO: [Synth 8-6155] done synthesizing module 'vc709_top' (11#1) [D:/UW/A-MasterResearch-LHC/CERN_RD53B_SEE/CERN_RD53B_SEE/tools/fpga/YARR_rx/YARR_rx.srcs/sources_1/new/vc709_top.sv:23]
---------------------------------------------------------------------------------
Finished RTL Elaboration : Time (s): cpu = 00:00:05 ; elapsed = 00:00:06 . Memory (MB): peak = 1335.113 ; gain = 85.988
---------------------------------------------------------------------------------
---------------------------------------------------------------------------------
Start Handling Custom Attributes
---------------------------------------------------------------------------------
---------------------------------------------------------------------------------
Finished Handling Custom Attributes : Time (s): cpu = 00:00:06 ; elapsed = 00:00:06 . Memory (MB): peak = 1335.113 ; gain = 85.988
---------------------------------------------------------------------------------
---------------------------------------------------------------------------------
Finished RTL Optimization Phase 1 : Time (s): cpu = 00:00:06 ; elapsed = 00:00:06 . Memory (MB): peak = 1335.113 ; gain = 85.988
---------------------------------------------------------------------------------
Netlist sorting complete. Time (s): cpu = 00:00:00 ; elapsed = 00:00:00.049 . Memory (MB): peak = 1335.113 ; gain = 0.000
INFO: [Netlist 29-17] Analyzing 4 Unisim elements for replacement
INFO: [Netlist 29-28] Unisim Transformation completed in 0 CPU seconds
INFO: [Project 1-570] Preparing netlist for logic optimization

Processing XDC Constraints
Initializing timing engine
Parsing XDC File [d:/UW/A-MasterResearch-LHC/CERN_RD53B_SEE/CERN_RD53B_SEE/tools/fpga/YARR_rx/YARR_rx.gen/sources_1/ip/clk_wiz_0/clk_wiz_0/clk_wiz_0_in_context.xdc] for cell 'u_pll'
Finished Parsing XDC File [d:/UW/A-MasterResearch-LHC/CERN_RD53B_SEE/CERN_RD53B_SEE/tools/fpga/YARR_rx/YARR_rx.gen/sources_1/ip/clk_wiz_0/clk_wiz_0/clk_wiz_0_in_context.xdc] for cell 'u_pll'
Parsing XDC File [D:/UW/A-MasterResearch-LHC/CERN_RD53B_SEE/CERN_RD53B_SEE/tools/fpga/YARR_rx/YARR_rx.srcs/constrs_1/new/vc709.xdc]
CRITICAL WARNING: [Constraints 18-1056] Clock 'clk' completely overrides clock 'clk_p'.
New: create_clock -period 6.250 -name clk -waveform {0.000 3.125} [get_ports clk_p], [D:/UW/A-MasterResearch-LHC/CERN_RD53B_SEE/CERN_RD53B_SEE/tools/fpga/YARR_rx/YARR_rx.srcs/constrs_1/new/vc709.xdc:1]
Previous: create_clock -period 6.250 [get_ports clk_p], [d:/UW/A-MasterResearch-LHC/CERN_RD53B_SEE/CERN_RD53B_SEE/tools/fpga/YARR_rx/YARR_rx.gen/sources_1/ip/clk_wiz_0/clk_wiz_0/clk_wiz_0_in_context.xdc:1]
Resolution: Review the constraint files and remove the redundant clock definition(s). If the clock constraints are not saved in a file, you can first save the constraints to an XDC file and reload the design once the constraints have been corrected.
WARNING: [Vivado 12-180] No cells matched '*idelayctrl*'. [D:/UW/A-MasterResearch-LHC/CERN_RD53B_SEE/CERN_RD53B_SEE/tools/fpga/YARR_rx/YARR_rx.srcs/constrs_1/new/vc709.xdc:70]
WARNING: [Vivado 12-180] No cells matched '*idelaye2*'. [D:/UW/A-MasterResearch-LHC/CERN_RD53B_SEE/CERN_RD53B_SEE/tools/fpga/YARR_rx/YARR_rx.srcs/constrs_1/new/vc709.xdc:71]
Finished Parsing XDC File [D:/UW/A-MasterResearch-LHC/CERN_RD53B_SEE/CERN_RD53B_SEE/tools/fpga/YARR_rx/YARR_rx.srcs/constrs_1/new/vc709.xdc]
WARNING: [Project 1-498] One or more constraints failed evaluation while reading constraint file [D:/UW/A-MasterResearch-LHC/CERN_RD53B_SEE/CERN_RD53B_SEE/tools/fpga/YARR_rx/YARR_rx.srcs/constrs_1/new/vc709.xdc] and the design contains unresolved black boxes. These constraints will be read post-synthesis (as long as their source constraint file is marked as used_in_implementation) and should be applied correctly then. You should review the constraints listed in the file [.Xil/vc709_top_propImpl.xdc] and check the run log file to verify that these constraints were correctly applied.
INFO: [Project 1-236] Implementation specific constraints were found while reading constraint file [D:/UW/A-MasterResearch-LHC/CERN_RD53B_SEE/CERN_RD53B_SEE/tools/fpga/YARR_rx/YARR_rx.srcs/constrs_1/new/vc709.xdc]. These constraints will be ignored for synthesis but will be used in implementation. Impacted constraints are listed in the file [.Xil/vc709_top_propImpl.xdc].
Resolution: To avoid this warning, move constraints listed in [.Xil/vc709_top_propImpl.xdc] to another XDC file and exclude this new file from synthesis with the used_in_synthesis property (File Properties dialog in GUI) and re-run elaboration/synthesis.
Completed Processing XDC Constraints

Netlist sorting complete. Time (s): cpu = 00:00:00 ; elapsed = 00:00:00.001 . Memory (MB): peak = 1478.074 ; gain = 0.000
INFO: [Project 1-111] Unisim Transformation Summary:
No Unisim elements were transformed.

Constraint Validation Runtime : Time (s): cpu = 00:00:00 ; elapsed = 00:00:00.010 . Memory (MB): peak = 1478.074 ; gain = 0.000
---------------------------------------------------------------------------------
Finished Constraint Validation : Time (s): cpu = 00:00:15 ; elapsed = 00:00:15 . Memory (MB): peak = 1478.074 ; gain = 228.949
---------------------------------------------------------------------------------
---------------------------------------------------------------------------------
Start Loading Part and Timing Information
---------------------------------------------------------------------------------
Loading part: xc7vx690tffg1761-2
---------------------------------------------------------------------------------
Finished Loading Part and Timing Information : Time (s): cpu = 00:00:15 ; elapsed = 00:00:15 . Memory (MB): peak = 1478.074 ; gain = 228.949
---------------------------------------------------------------------------------
---------------------------------------------------------------------------------
Start Applying 'set_property' XDC Constraints
---------------------------------------------------------------------------------
Applied set_property IO_BUFFER_TYPE = NONE for clk_n. (constraint file  d:/UW/A-MasterResearch-LHC/CERN_RD53B_SEE/CERN_RD53B_SEE/tools/fpga/YARR_rx/YARR_rx.gen/sources_1/ip/clk_wiz_0/clk_wiz_0/clk_wiz_0_in_context.xdc, line 4).
Applied set_property CLOCK_BUFFER_TYPE = NONE for clk_n. (constraint file  d:/UW/A-MasterResearch-LHC/CERN_RD53B_SEE/CERN_RD53B_SEE/tools/fpga/YARR_rx/YARR_rx.gen/sources_1/ip/clk_wiz_0/clk_wiz_0/clk_wiz_0_in_context.xdc, line 5).
Applied set_property IO_BUFFER_TYPE = NONE for clk_p. (constraint file  d:/UW/A-MasterResearch-LHC/CERN_RD53B_SEE/CERN_RD53B_SEE/tools/fpga/YARR_rx/YARR_rx.gen/sources_1/ip/clk_wiz_0/clk_wiz_0/clk_wiz_0_in_context.xdc, line 6).
Applied set_property CLOCK_BUFFER_TYPE = NONE for clk_p. (constraint file  d:/UW/A-MasterResearch-LHC/CERN_RD53B_SEE/CERN_RD53B_SEE/tools/fpga/YARR_rx/YARR_rx.gen/sources_1/ip/clk_wiz_0/clk_wiz_0/clk_wiz_0_in_context.xdc, line 7).
Applied set_property KEEP_HIERARCHY = SOFT for u_pll. (constraint file  auto generated constraint).
---------------------------------------------------------------------------------
Finished applying 'set_property' XDC Constraints : Time (s): cpu = 00:00:15 ; elapsed = 00:00:15 . Memory (MB): peak = 1478.074 ; gain = 228.949
---------------------------------------------------------------------------------
WARNING: [Synth 8-327] inferring latch for variable 'sync_cnt_reg' [D:/UW/A-MasterResearch-LHC/CERN_RD53B_SEE/CERN_RD53B_SEE/src/hdl/version2-hongjiang/fpga/aurora_rx_lane_wip.vhd:453]
---------------------------------------------------------------------------------
Finished RTL Optimization Phase 2 : Time (s): cpu = 00:00:16 ; elapsed = 00:00:16 . Memory (MB): peak = 1478.074 ; gain = 228.949
---------------------------------------------------------------------------------
---------------------------------------------------------------------------------
Start RTL Component Statistics 
---------------------------------------------------------------------------------
Detailed RTL Component Info : 
+---Adders : 
	   2 Input    8 Bit       Adders := 6     
	   2 Input    7 Bit       Adders := 3     
	   2 Input    6 Bit       Adders := 3     
	   2 Input    5 Bit       Adders := 9     
	   3 Input    5 Bit       Adders := 2     
	   2 Input    4 Bit       Adders := 2     
	   2 Input    3 Bit       Adders := 2     
	   2 Input    2 Bit       Adders := 1     
+---XORs : 
	   3 Input      1 Bit         XORs := 64    
	   2 Input      1 Bit         XORs := 8     
+---XORs : 
	               64 Bit    Wide XORs := 1     
	                8 Bit    Wide XORs := 1     
	                2 Bit    Wide XORs := 1     
+---Registers : 
	              194 Bit    Registers := 1     
	               67 Bit    Registers := 1     
	               66 Bit    Registers := 5     
	               64 Bit    Registers := 2     
	               58 Bit    Registers := 1     
	               33 Bit    Registers := 1     
	               32 Bit    Registers := 5     
	                8 Bit    Registers := 10    
	                7 Bit    Registers := 7     
	                6 Bit    Registers := 3     
	                5 Bit    Registers := 10    
	                4 Bit    Registers := 2     
	                2 Bit    Registers := 8     
	                1 Bit    Registers := 34    
+---Muxes : 
	   2 Input   66 Bit        Muxes := 2     
	   2 Input   32 Bit        Muxes := 4     
	   3 Input    8 Bit        Muxes := 2     
	   2 Input    8 Bit        Muxes := 3     
	   2 Input    7 Bit        Muxes := 3     
	   2 Input    6 Bit        Muxes := 1     
	   2 Input    5 Bit        Muxes := 14    
	   3 Input    5 Bit        Muxes := 1     
	  22 Input    5 Bit        Muxes := 1     
	   2 Input    4 Bit        Muxes := 3     
	  12 Input    2 Bit        Muxes := 4     
	   3 Input    2 Bit        Muxes := 1     
	   2 Input    2 Bit        Muxes := 1     
	   2 Input    1 Bit        Muxes := 36    
	   3 Input    1 Bit        Muxes := 2     
	   6 Input    1 Bit        Muxes := 8     
	   5 Input    1 Bit        Muxes := 1     
---------------------------------------------------------------------------------
Finished RTL Component Statistics 
---------------------------------------------------------------------------------
---------------------------------------------------------------------------------
Start Part Resource Summary
---------------------------------------------------------------------------------
Part Resources:
DSPs: 3600 (col length:200)
BRAMs: 2940 (col length: RAMB18 200 RAMB36 100)
---------------------------------------------------------------------------------
Finished Part Resource Summary
---------------------------------------------------------------------------------
---------------------------------------------------------------------------------
Start Cross Boundary and Area Optimization
---------------------------------------------------------------------------------
---------------------------------------------------------------------------------
Finished Cross Boundary and Area Optimization : Time (s): cpu = 00:00:24 ; elapsed = 00:00:25 . Memory (MB): peak = 1478.074 ; gain = 228.949
---------------------------------------------------------------------------------
---------------------------------------------------------------------------------
Start Applying XDC Timing Constraints
---------------------------------------------------------------------------------
---------------------------------------------------------------------------------
Finished Applying XDC Timing Constraints : Time (s): cpu = 00:00:30 ; elapsed = 00:00:30 . Memory (MB): peak = 1478.074 ; gain = 228.949
---------------------------------------------------------------------------------
---------------------------------------------------------------------------------
Start Timing Optimization
---------------------------------------------------------------------------------
---------------------------------------------------------------------------------
Finished Timing Optimization : Time (s): cpu = 00:00:32 ; elapsed = 00:00:32 . Memory (MB): peak = 1478.074 ; gain = 228.949
---------------------------------------------------------------------------------
---------------------------------------------------------------------------------
Start Technology Mapping
---------------------------------------------------------------------------------
---------------------------------------------------------------------------------
Finished Technology Mapping : Time (s): cpu = 00:00:32 ; elapsed = 00:00:33 . Memory (MB): peak = 1487.164 ; gain = 238.039
---------------------------------------------------------------------------------
---------------------------------------------------------------------------------
Start IO Insertion
---------------------------------------------------------------------------------
---------------------------------------------------------------------------------
Start Flattening Before IO Insertion
---------------------------------------------------------------------------------
---------------------------------------------------------------------------------
Finished Flattening Before IO Insertion
---------------------------------------------------------------------------------
---------------------------------------------------------------------------------
Start Final Netlist Cleanup
---------------------------------------------------------------------------------
---------------------------------------------------------------------------------
Finished Final Netlist Cleanup
---------------------------------------------------------------------------------
---------------------------------------------------------------------------------
Finished IO Insertion : Time (s): cpu = 00:00:36 ; elapsed = 00:00:36 . Memory (MB): peak = 1487.164 ; gain = 238.039
---------------------------------------------------------------------------------
---------------------------------------------------------------------------------
Start Renaming Generated Instances
---------------------------------------------------------------------------------
---------------------------------------------------------------------------------
Finished Renaming Generated Instances : Time (s): cpu = 00:00:36 ; elapsed = 00:00:36 . Memory (MB): peak = 1487.164 ; gain = 238.039
---------------------------------------------------------------------------------
---------------------------------------------------------------------------------
Start Rebuilding User Hierarchy
---------------------------------------------------------------------------------
---------------------------------------------------------------------------------
Finished Rebuilding User Hierarchy : Time (s): cpu = 00:00:36 ; elapsed = 00:00:36 . Memory (MB): peak = 1487.164 ; gain = 238.039
---------------------------------------------------------------------------------
---------------------------------------------------------------------------------
Start Renaming Generated Ports
---------------------------------------------------------------------------------
---------------------------------------------------------------------------------
Finished Renaming Generated Ports : Time (s): cpu = 00:00:36 ; elapsed = 00:00:36 . Memory (MB): peak = 1487.164 ; gain = 238.039
---------------------------------------------------------------------------------
---------------------------------------------------------------------------------
Start Handling Custom Attributes
---------------------------------------------------------------------------------
---------------------------------------------------------------------------------
Finished Handling Custom Attributes : Time (s): cpu = 00:00:36 ; elapsed = 00:00:36 . Memory (MB): peak = 1487.164 ; gain = 238.039
---------------------------------------------------------------------------------
---------------------------------------------------------------------------------
Start Renaming Generated Nets
---------------------------------------------------------------------------------
---------------------------------------------------------------------------------
Finished Renaming Generated Nets : Time (s): cpu = 00:00:36 ; elapsed = 00:00:36 . Memory (MB): peak = 1487.164 ; gain = 238.039
---------------------------------------------------------------------------------
---------------------------------------------------------------------------------
Start Writing Synthesis Report
---------------------------------------------------------------------------------

Report BlackBoxes: 
+------+--------------+----------+
|      |BlackBox name |Instances |
+------+--------------+----------+
|1     |clk_wiz_0     |         1|
+------+--------------+----------+

Report Cell Usage: 
+------+-----------+------+
|      |Cell       |Count |
+------+-----------+------+
|1     |clk_wiz    |     1|
|2     |CARRY4     |     2|
|3     |IDELAYCTRL |     1|
|4     |IDELAYE2   |     2|
|5     |ISERDESE2  |     2|
|6     |LUT1       |    24|
|7     |LUT2       |    44|
|8     |LUT3       |   262|
|9     |LUT4       |    34|
|10    |LUT5       |   256|
|11    |LUT6       |   533|
|12    |MUXF7      |    21|
|13    |MUXF8      |     3|
|14    |FDCE       |   690|
|15    |FDPE       |     3|
|16    |FDRE       |   296|
|17    |FDSE       |    63|
|18    |IBUF       |     3|
|19    |OBUF       |     5|
|20    |OBUFT      |     3|
+------+-----------+------+
---------------------------------------------------------------------------------
Finished Writing Synthesis Report : Time (s): cpu = 00:00:36 ; elapsed = 00:00:36 . Memory (MB): peak = 1487.164 ; gain = 238.039
---------------------------------------------------------------------------------
Synthesis finished with 0 errors, 0 critical warnings and 1 warnings.
Synthesis Optimization Runtime : Time (s): cpu = 00:00:25 ; elapsed = 00:00:32 . Memory (MB): peak = 1487.164 ; gain = 95.078
Synthesis Optimization Complete : Time (s): cpu = 00:00:36 ; elapsed = 00:00:37 . Memory (MB): peak = 1487.164 ; gain = 238.039
INFO: [Project 1-571] Translating synthesized netlist
Netlist sorting complete. Time (s): cpu = 00:00:00 ; elapsed = 00:00:00.030 . Memory (MB): peak = 1487.164 ; gain = 0.000
INFO: [Netlist 29-17] Analyzing 30 Unisim elements for replacement
INFO: [Netlist 29-28] Unisim Transformation completed in 0 CPU seconds
INFO: [Project 1-570] Preparing netlist for logic optimization
INFO: [Opt 31-138] Pushed 1 inverter(s) to 2 load pin(s).
Netlist sorting complete. Time (s): cpu = 00:00:00 ; elapsed = 00:00:00 . Memory (MB): peak = 1510.531 ; gain = 0.000
INFO: [Project 1-111] Unisim Transformation Summary:
No Unisim elements were transformed.

Synth Design complete, checksum: cad939df
INFO: [Common 17-83] Releasing license: Synthesis
54 Infos, 4 Warnings, 1 Critical Warnings and 0 Errors encountered.
synth_design completed successfully
synth_design: Time (s): cpu = 00:00:44 ; elapsed = 00:00:45 . Memory (MB): peak = 1510.531 ; gain = 261.406
INFO: [runtcl-6] Synthesis results are not added to the cache due to CRITICAL_WARNING
INFO: [Common 17-1381] The checkpoint 'D:/UW/A-MasterResearch-LHC/CERN_RD53B_SEE/CERN_RD53B_SEE/tools/fpga/SEE_HeadSeeker/SEE_HeadSeeker.runs/synth_1/vc709_top.dcp' has been generated.
INFO: [runtcl-4] Executing : report_utilization -file vc709_top_utilization_synth.rpt -pb vc709_top_utilization_synth.pb
INFO: [Common 17-206] Exiting Vivado at Tue Oct  4 02:24:31 2022...
